<?xml version="1.0" encoding="UTF-8"?>
<!-- Generated by org.testng.reporters.JUnitXMLReporter -->
<testsuite hostname="DESKTOP-TU27P35" ignored="0" name="Test" tests="8" failures="0" timestamp="2020-03-27T19:36:41 IST" time="295.905" errors="0">
  <testcase name="search1" time="39.31" classname="yourloga_Test_Cases.ValidSearch"/>
  <testcase name="search2" time="36.881" classname="yourloga_Test_Cases.ValidSearch"/>
  <testcase name="search1" time="26.463" classname="yourloga_Test_Cases.InvalidSerch"/>
  <testcase name="search2" time="41.762" classname="yourloga_Test_Cases.InvalidSerch"/>
  <testcase name="verify1" time="42.725" classname="yourloga_Test_Cases.CheckingProducts"/>
  <testcase name="counts3" time="32.362" classname="yourloga_Test_Cases.CheckingCartproductsCount"/>
  <testcase name="contacting_Support1" time="36.125" classname="yourloga_Test_Cases.SupportThroughContactUs"/>
  <testcase name="contacting_Support2" time="40.174" classname="yourloga_Test_Cases.SupportThroughContactUs"/>
</testsuite> <!-- Test -->
