<?xml version="1.0" encoding="UTF-8"?>
<testng-results skipped="0" failed="0" ignored="0" total="8" passed="8">
  <reporter-output>
  </reporter-output>
  <suite name="Suite" duration-ms="295905" started-at="2020-03-27T19:31:45 IST" finished-at="2020-03-27T19:36:41 IST">
    <groups>
    </groups>
    <test name="Test" duration-ms="295905" started-at="2020-03-27T19:31:45 IST" finished-at="2020-03-27T19:36:41 IST">
      <class name="yourloga_Test_Cases.SupportThroughContactUs">
        <test-method status="PASS" signature="contacting_Support1()[pri:0, instance:yourloga_Test_Cases.SupportThroughContactUs@3cef309d]" name="contacting_Support1" duration-ms="36125" started-at="2020-03-27T19:35:24 IST" finished-at="2020-03-27T19:36:01 IST">
          <reporter-output>
          </reporter-output>
        </test-method> <!-- contacting_Support1 -->
        <test-method status="PASS" signature="contacting_Support2()[pri:0, instance:yourloga_Test_Cases.SupportThroughContactUs@3cef309d]" name="contacting_Support2" duration-ms="40174" started-at="2020-03-27T19:36:01 IST" finished-at="2020-03-27T19:36:41 IST">
          <reporter-output>
          </reporter-output>
        </test-method> <!-- contacting_Support2 -->
      </class> <!-- yourloga_Test_Cases.SupportThroughContactUs -->
      <class name="yourloga_Test_Cases.ValidSearch">
        <test-method status="PASS" signature="search1()[pri:0, instance:yourloga_Test_Cases.ValidSearch@1dfe2924]" name="search1" duration-ms="39310" started-at="2020-03-27T19:31:45 IST" finished-at="2020-03-27T19:32:24 IST">
          <reporter-output>
          </reporter-output>
        </test-method> <!-- search1 -->
        <test-method status="PASS" signature="search2()[pri:0, instance:yourloga_Test_Cases.ValidSearch@1dfe2924]" name="search2" duration-ms="36881" started-at="2020-03-27T19:32:24 IST" finished-at="2020-03-27T19:33:01 IST">
          <reporter-output>
          </reporter-output>
        </test-method> <!-- search2 -->
      </class> <!-- yourloga_Test_Cases.ValidSearch -->
      <class name="yourloga_Test_Cases.CheckingProducts">
        <test-method status="PASS" signature="verify1()[pri:0, instance:yourloga_Test_Cases.CheckingProducts@6e6c3152]" name="verify1" duration-ms="42725" started-at="2020-03-27T19:34:09 IST" finished-at="2020-03-27T19:34:52 IST">
          <reporter-output>
          </reporter-output>
        </test-method> <!-- verify1 -->
      </class> <!-- yourloga_Test_Cases.CheckingProducts -->
      <class name="yourloga_Test_Cases.CheckingCartproductsCount">
        <test-method status="PASS" signature="counts3()[pri:0, instance:yourloga_Test_Cases.CheckingCartproductsCount@50b494a6]" name="counts3" duration-ms="32362" started-at="2020-03-27T19:34:52 IST" finished-at="2020-03-27T19:35:24 IST">
          <reporter-output>
          </reporter-output>
        </test-method> <!-- counts3 -->
      </class> <!-- yourloga_Test_Cases.CheckingCartproductsCount -->
      <class name="yourloga_Test_Cases.InvalidSerch">
        <test-method status="PASS" signature="search1()[pri:0, instance:yourloga_Test_Cases.InvalidSerch@6ebc05a6]" name="search1" duration-ms="26463" started-at="2020-03-27T19:33:01 IST" finished-at="2020-03-27T19:33:28 IST">
          <reporter-output>
          </reporter-output>
        </test-method> <!-- search1 -->
        <test-method status="PASS" signature="search2()[pri:0, instance:yourloga_Test_Cases.InvalidSerch@6ebc05a6]" name="search2" duration-ms="41762" started-at="2020-03-27T19:33:28 IST" finished-at="2020-03-27T19:34:09 IST">
          <reporter-output>
          </reporter-output>
        </test-method> <!-- search2 -->
      </class> <!-- yourloga_Test_Cases.InvalidSerch -->
    </test> <!-- Test -->
  </suite> <!-- Suite -->
</testng-results>
