<?xml version="1.0" encoding="UTF-8"?>
<testng-results skipped="0" failed="1" ignored="0" total="8" passed="7">
  <reporter-output>
  </reporter-output>
  <suite name="Suite" duration-ms="623736" started-at="2020-03-26T14:43:27 IST" finished-at="2020-03-26T14:53:51 IST">
    <groups>
    </groups>
    <test name="Test" duration-ms="623736" started-at="2020-03-26T14:43:27 IST" finished-at="2020-03-26T14:53:51 IST">
      <class name="Test_Cases.Checking_products">
        <test-method status="FAIL" signature="verify1()[pri:0, instance:Test_Cases.Checking_products@6c49835d]" name="verify1" duration-ms="150252" started-at="2020-03-26T14:47:41 IST" finished-at="2020-03-26T14:50:11 IST">
          <exception class="org.openqa.selenium.NoSuchElementException">
            <message>
              <![CDATA[no such element: Unable to locate element: {"method":"xpath","selector":"//*[@id='product_5_19_0_0']/td[2]/p"}
  (Session info: chrome=80.0.3987.149)
For documentation on this error, please visit: https://www.seleniumhq.org/exceptions/no_such_element.html
Build info: version: '3.141.59', revision: 'e82be7d358', time: '2018-11-14T08:25:48'
System info: host: 'DESKTOP-TU27P35', ip: '192.168.43.188', os.name: 'Windows 10', os.arch: 'amd64', os.version: '10.0', java.version: '1.8.0_241'
Driver info: org.openqa.selenium.chrome.ChromeDriver
Capabilities {acceptInsecureCerts: false, browserName: chrome, browserVersion: 80.0.3987.149, chrome: {chromedriverVersion: 79.0.3945.36 (3582db32b3389..., userDataDir: C:\Users\hp\AppData\Local\T...}, goog:chromeOptions: {debuggerAddress: localhost:61903}, javascriptEnabled: true, networkConnectionEnabled: false, pageLoadStrategy: normal, platform: WINDOWS, platformName: WINDOWS, proxy: Proxy(), setWindowRect: true, strictFileInteractability: false, timeouts: {implicit: 0, pageLoad: 300000, script: 30000}, unhandledPromptBehavior: dismiss and notify}
Session ID: 06399c9bc7e5344a71468b51b6206d96
*** Element info: {Using=xpath, value=//*[@id='product_5_19_0_0']/td[2]/p}]]>
            </message>
            <full-stacktrace>
              <![CDATA[org.openqa.selenium.NoSuchElementException: no such element: Unable to locate element: {"method":"xpath","selector":"//*[@id='product_5_19_0_0']/td[2]/p"}
  (Session info: chrome=80.0.3987.149)
For documentation on this error, please visit: https://www.seleniumhq.org/exceptions/no_such_element.html
Build info: version: '3.141.59', revision: 'e82be7d358', time: '2018-11-14T08:25:48'
System info: host: 'DESKTOP-TU27P35', ip: '192.168.43.188', os.name: 'Windows 10', os.arch: 'amd64', os.version: '10.0', java.version: '1.8.0_241'
Driver info: org.openqa.selenium.chrome.ChromeDriver
Capabilities {acceptInsecureCerts: false, browserName: chrome, browserVersion: 80.0.3987.149, chrome: {chromedriverVersion: 79.0.3945.36 (3582db32b3389..., userDataDir: C:\Users\hp\AppData\Local\T...}, goog:chromeOptions: {debuggerAddress: localhost:61903}, javascriptEnabled: true, networkConnectionEnabled: false, pageLoadStrategy: normal, platform: WINDOWS, platformName: WINDOWS, proxy: Proxy(), setWindowRect: true, strictFileInteractability: false, timeouts: {implicit: 0, pageLoad: 300000, script: 30000}, unhandledPromptBehavior: dismiss and notify}
Session ID: 06399c9bc7e5344a71468b51b6206d96
*** Element info: {Using=xpath, value=//*[@id='product_5_19_0_0']/td[2]/p}
at sun.reflect.NativeConstructorAccessorImpl.newInstance0(Native Method)
at sun.reflect.NativeConstructorAccessorImpl.newInstance(Unknown Source)
at sun.reflect.DelegatingConstructorAccessorImpl.newInstance(Unknown Source)
at java.lang.reflect.Constructor.newInstance(Unknown Source)
at org.openqa.selenium.remote.http.W3CHttpResponseCodec.createException(W3CHttpResponseCodec.java:187)
at org.openqa.selenium.remote.http.W3CHttpResponseCodec.decode(W3CHttpResponseCodec.java:122)
at org.openqa.selenium.remote.http.W3CHttpResponseCodec.decode(W3CHttpResponseCodec.java:49)
at org.openqa.selenium.remote.HttpCommandExecutor.execute(HttpCommandExecutor.java:158)
at org.openqa.selenium.remote.service.DriverCommandExecutor.execute(DriverCommandExecutor.java:83)
at org.openqa.selenium.remote.RemoteWebDriver.execute(RemoteWebDriver.java:552)
at org.openqa.selenium.remote.RemoteWebDriver.findElement(RemoteWebDriver.java:323)
at org.openqa.selenium.remote.RemoteWebDriver.findElementByXPath(RemoteWebDriver.java:428)
at org.openqa.selenium.By$ByXPath.findElement(By.java:353)
at org.openqa.selenium.remote.RemoteWebDriver.findElement(RemoteWebDriver.java:315)
at Test_Cases.Checking_products.verify1(Checking_products.java:51)
at sun.reflect.NativeMethodAccessorImpl.invoke0(Native Method)
at sun.reflect.NativeMethodAccessorImpl.invoke(Unknown Source)
at sun.reflect.DelegatingMethodAccessorImpl.invoke(Unknown Source)
at java.lang.reflect.Method.invoke(Unknown Source)
at org.testng.internal.MethodInvocationHelper.invokeMethod(MethodInvocationHelper.java:133)
at org.testng.internal.TestInvoker.invokeMethod(TestInvoker.java:584)
at org.testng.internal.TestInvoker.invokeTestMethod(TestInvoker.java:172)
at org.testng.internal.MethodRunner.runInSequence(MethodRunner.java:46)
at org.testng.internal.TestInvoker$MethodInvocationAgent.invoke(TestInvoker.java:804)
at org.testng.internal.TestInvoker.invokeTestMethods(TestInvoker.java:145)
at org.testng.internal.TestMethodWorker.invokeTestMethods(TestMethodWorker.java:146)
at org.testng.internal.TestMethodWorker.run(TestMethodWorker.java:128)
at java.util.ArrayList.forEach(Unknown Source)
at org.testng.TestRunner.privateRun(TestRunner.java:770)
at org.testng.TestRunner.run(TestRunner.java:591)
at org.testng.SuiteRunner.runTest(SuiteRunner.java:402)
at org.testng.SuiteRunner.runSequentially(SuiteRunner.java:396)
at org.testng.SuiteRunner.privateRun(SuiteRunner.java:355)
at org.testng.SuiteRunner.run(SuiteRunner.java:304)
at org.testng.SuiteRunnerWorker.runSuite(SuiteRunnerWorker.java:53)
at org.testng.SuiteRunnerWorker.run(SuiteRunnerWorker.java:96)
at org.testng.TestNG.runSuitesSequentially(TestNG.java:1180)
at org.testng.TestNG.runSuitesLocally(TestNG.java:1102)
at org.testng.TestNG.runSuites(TestNG.java:1032)
at org.testng.TestNG.run(TestNG.java:1000)
at org.testng.remote.AbstractRemoteTestNG.run(AbstractRemoteTestNG.java:115)
at org.testng.remote.RemoteTestNG.initAndRun(RemoteTestNG.java:251)
at org.testng.remote.RemoteTestNG.main(RemoteTestNG.java:77)
]]>
            </full-stacktrace>
          </exception> <!-- org.openqa.selenium.NoSuchElementException -->
          <reporter-output>
          </reporter-output>
        </test-method> <!-- verify1 -->
      </class> <!-- Test_Cases.Checking_products -->
      <class name="Test_Cases.Checking_product_count">
        <test-method status="PASS" signature="counts3()[pri:0, instance:Test_Cases.Checking_product_count@5e853265]" name="counts3" duration-ms="69346" started-at="2020-03-26T14:50:11 IST" finished-at="2020-03-26T14:51:21 IST">
          <reporter-output>
          </reporter-output>
        </test-method> <!-- counts3 -->
      </class> <!-- Test_Cases.Checking_product_count -->
      <class name="Test_Cases.Search">
        <test-method status="PASS" signature="search1()[pri:0, instance:Test_Cases.Search@9660f4e]" name="search1" duration-ms="60171" started-at="2020-03-26T14:43:27 IST" finished-at="2020-03-26T14:44:27 IST">
          <reporter-output>
          </reporter-output>
        </test-method> <!-- search1 -->
        <test-method status="PASS" signature="search2()[pri:0, instance:Test_Cases.Search@9660f4e]" name="search2" duration-ms="70226" started-at="2020-03-26T14:44:27 IST" finished-at="2020-03-26T14:45:38 IST">
          <reporter-output>
          </reporter-output>
        </test-method> <!-- search2 -->
      </class> <!-- Test_Cases.Search -->
      <class name="Test_Cases.Support_through_contactus">
        <test-method status="PASS" signature="contacting_support1()[pri:0, instance:Test_Cases.Support_through_contactus@67205a84]" name="contacting_support1" duration-ms="103521" started-at="2020-03-26T14:51:21 IST" finished-at="2020-03-26T14:53:04 IST">
          <reporter-output>
          </reporter-output>
        </test-method> <!-- contacting_support1 -->
        <test-method status="PASS" signature="contacting_support2()[pri:0, instance:Test_Cases.Support_through_contactus@67205a84]" name="contacting_support2" duration-ms="46721" started-at="2020-03-26T14:53:04 IST" finished-at="2020-03-26T14:53:51 IST">
          <reporter-output>
          </reporter-output>
        </test-method> <!-- contacting_support2 -->
      </class> <!-- Test_Cases.Support_through_contactus -->
      <class name="Test_Cases.Invalid_Serch">
        <test-method status="PASS" signature="search1()[pri:0, instance:Test_Cases.Invalid_Serch@5a8806ef]" name="search1" duration-ms="82224" started-at="2020-03-26T14:45:38 IST" finished-at="2020-03-26T14:47:00 IST">
          <reporter-output>
          </reporter-output>
        </test-method> <!-- search1 -->
        <test-method status="PASS" signature="search2()[pri:0, instance:Test_Cases.Invalid_Serch@5a8806ef]" name="search2" duration-ms="41151" started-at="2020-03-26T14:47:00 IST" finished-at="2020-03-26T14:47:41 IST">
          <reporter-output>
          </reporter-output>
        </test-method> <!-- search2 -->
      </class> <!-- Test_Cases.Invalid_Serch -->
    </test> <!-- Test -->
  </suite> <!-- Suite -->
</testng-results>
